Using pre-set license
Built from '2020.2/staging' branch; Version is '2020.2.6f1 (8a2143876886) revision 9052483'; Using compiler version '192528614'; Build Type 'Release'
OS: 'Windows 10 Home; OS build 19041.928; Version 2004; 64bit' Language: 'en' Physical Memory: 16273 MB
BatchMode: 1, IsHumanControllingUs: 0, StartBugReporterOnCrash: 0, Is64bit: 1, IsPro: 0

 COMMAND LINE ARGUMENTS:
C:\Program Files\Unity\Hub\Editor\2020.2.6f1\Editor\Unity.exe
-adb2
-batchMode
-noUpm
-name
AssetImportWorker0
-projectPath
C:/Users/joeh2/Documents/GitHub/OHARE-SAYS4/O-Hare-Says-main- SQL
-logFile
Logs/AssetImportWorker0.log
-srvPort
58557
Successfully changed project path to: C:/Users/joeh2/Documents/GitHub/OHARE-SAYS4/O-Hare-Says-main- SQL
C:/Users/joeh2/Documents/GitHub/OHARE-SAYS4/O-Hare-Says-main- SQL
Using Asset Import Pipeline V2.
Refreshing native plugins compatible for Editor in 39.40 ms, found 0 plugins.
Preloading 0 native plugins for Editor in 0.00 ms.
Initialize engine version: 2020.2.6f1 (8a2143876886)
[Subsystems] Discovering subsystems at path C:/Program Files/Unity/Hub/Editor/2020.2.6f1/Editor/Data/Resources/UnitySubsystems
[Subsystems] Discovering subsystems at path C:/Users/joeh2/Documents/GitHub/OHARE-SAYS4/O-Hare-Says-main- SQL/Assets
GfxDevice: creating device client; threaded=0
Direct3D:
    Version:  Direct3D 11.0 [level 11.0]
    Renderer: NVIDIA GeForce GTX 960M (ID=0x139b)
    Vendor:   
    VRAM:     4053 MB
    Driver:   27.21.14.5763
Initialize mono
Mono path[0] = 'C:/Program Files/Unity/Hub/Editor/2020.2.6f1/Editor/Data/Managed'
Mono path[1] = 'C:/Program Files/Unity/Hub/Editor/2020.2.6f1/Editor/Data/MonoBleedingEdge/lib/mono/unityjit'
Mono config path = 'C:/Program Files/Unity/Hub/Editor/2020.2.6f1/Editor/Data/MonoBleedingEdge/etc'
Using monoOptions --debugger-agent=transport=dt_socket,embedding=1,server=y,suspend=n,address=127.0.0.1:56988
Begin MonoManager ReloadAssembly
Registering precompiled unity dll's ...
Register platform support module: C:/Program Files/Unity/Hub/Editor/2020.2.6f1/Editor/Data/PlaybackEngines/WebGLSupport/UnityEditor.WebGL.Extensions.dll
Register platform support module: C:/Program Files/Unity/Hub/Editor/2020.2.6f1/Editor/Data/PlaybackEngines/MacStandaloneSupport/UnityEditor.OSXStandalone.Extensions.dll
Register platform support module: C:/Program Files/Unity/Hub/Editor/2020.2.6f1/Editor/Data/PlaybackEngines/WindowsStandaloneSupport/UnityEditor.WindowsStandalone.Extensions.dll
Register platform support module: C:/Program Files/Unity/Hub/Editor/2020.2.6f1/Editor/Data/PlaybackEngines/LuminSupport/UnityEditor.Lumin.Extensions.dll
Registered in 0.006756 seconds.
Native extension for Lumin target not found
Native extension for WindowsStandalone target not found
Native extension for OSXStandalone target not found
Native extension for WebGL target not found
Refreshing native plugins compatible for Editor in 34.02 ms, found 0 plugins.
Preloading 0 native plugins for Editor in 0.00 ms.
Invoked RoslynAnalysisRunner static constructor.
RoslynAnalysisRunner will not be running.
RoslynAnalysisRunner has terminated.
Mono: successfully reloaded assembly
- Completed reload, in  2.424 seconds
Platform modules already initialized, skipping
Registering precompiled user dll's ...
Registered in 0.008931 seconds.
Begin MonoManager ReloadAssembly
Native extension for Lumin target not found
Native extension for WindowsStandalone target not found
Native extension for OSXStandalone target not found
Native extension for WebGL target not found
Refreshing native plugins compatible for Editor in 0.33 ms, found 0 plugins.
Preloading 0 native plugins for Editor in 0.00 ms.
Invoked RoslynAnalysisRunner static constructor.
RoslynAnalysisRunner will not be running.
RoslynAnalysisRunner has terminated.
Mono: successfully reloaded assembly
- Completed reload, in  1.290 seconds
Platform modules already initialized, skipping
========================================================================
Worker process is ready to serve import requests
Launched and connected shader compiler UnityShaderCompiler.exe after 0.33 seconds
Refreshing native plugins compatible for Editor in 0.36 ms, found 0 plugins.
Preloading 0 native plugins for Editor in 0.00 ms.
Unloading 1168 Unused Serialized files (Serialized files now loaded: 0)
System memory in use before: 60.4 MB.
System memory in use after: 60.5 MB.

Unloading 14 unused Assets to reduce memory usage. Loaded Objects now: 1606.
Total: 2.557800 ms (FindLiveObjects: 0.160700 ms CreateObjectMapping: 0.039700 ms MarkObjects: 2.246900 ms  DeleteObjects: 0.109300 ms)

========================================================================
Received Import Request.
  path: Assets/LeaderboardManager/Scripts/Leaderboard/LeaderboardManager.cs
  artifactKey: Guid(7d8bf17c74e183544ac7768b1c164d27) Importer(815301076,1909f56bfc062723c751e8b465ee728b)
Start importing Assets/LeaderboardManager/Scripts/Leaderboard/LeaderboardManager.cs using Guid(7d8bf17c74e183544ac7768b1c164d27) Importer(815301076,1909f56bfc062723c751e8b465ee728b)  -> (artifact id: '28d64360a280983fbfbc0827ef25a646') in 0.261323 seconds
  Import took 0.264959 seconds .

========================================================================
Received Import Request.
  Time since last request: 353.256923 seconds.
  path: Assets/LeaderboardManager/Scripts/Leaderboard/oldLeaderboardManager.cs
  artifactKey: Guid(7d8bf17c74e183544ac7768b1c164d27) Importer(815301076,1909f56bfc062723c751e8b465ee728b)
Start importing Assets/LeaderboardManager/Scripts/Leaderboard/oldLeaderboardManager.cs using Guid(7d8bf17c74e183544ac7768b1c164d27) Importer(815301076,1909f56bfc062723c751e8b465ee728b)  -> (artifact id: '37ccc514fbb55157539c35320181785e') in 0.014703 seconds
  Import took 0.022731 seconds .

========================================================================
Received Prepare
Registering precompiled user dll's ...
Registered in 0.006645 seconds.
Begin MonoManager ReloadAssembly
Native extension for Lumin target not found
Native extension for WindowsStandalone target not found
Native extension for OSXStandalone target not found
Native extension for WebGL target not found
Refreshing native plugins compatible for Editor in 0.57 ms, found 0 plugins.
Preloading 0 native plugins for Editor in 0.00 ms.
Invoked RoslynAnalysisRunner static constructor.
RoslynAnalysisRunner will not be running.
RoslynAnalysisRunner has terminated.
Mono: successfully reloaded assembly
- Completed reload, in  1.325 seconds
Platform modules already initialized, skipping
Refreshing native plugins compatible for Editor in 0.36 ms, found 0 plugins.
Preloading 0 native plugins for Editor in 0.00 ms.
Unloading 1149 Unused Serialized files (Serialized files now loaded: 0)
System memory in use before: 59.3 MB.
System memory in use after: 59.4 MB.

Unloading 9 unused Assets to reduce memory usage. Loaded Objects now: 1608.
Total: 2.500100 ms (FindLiveObjects: 0.466200 ms CreateObjectMapping: 0.065600 ms MarkObjects: 1.909100 ms  DeleteObjects: 0.058000 ms)

========================================================================
Received Import Request.
  Time since last request: 47.760736 seconds.
  path: Assets/LeaderboardManager/Scripts/Leaderboard/LeaderboardManager.cs
  artifactKey: Guid(9a857503d3378ab4d9739d1df215e168) Importer(815301076,1909f56bfc062723c751e8b465ee728b)
Start importing Assets/LeaderboardManager/Scripts/Leaderboard/LeaderboardManager.cs using Guid(9a857503d3378ab4d9739d1df215e168) Importer(815301076,1909f56bfc062723c751e8b465ee728b)  -> (artifact id: '0bfaa74a8b169cfa86887390e5d83ea3') in 0.009086 seconds
  Import took 0.013223 seconds .

========================================================================
Received Prepare
Registering precompiled user dll's ...
Registered in 0.007888 seconds.
Begin MonoManager ReloadAssembly
Native extension for Lumin target not found
Native extension for WindowsStandalone target not found
Native extension for OSXStandalone target not found
Native extension for WebGL target not found
Refreshing native plugins compatible for Editor in 0.29 ms, found 0 plugins.
Preloading 0 native plugins for Editor in 0.00 ms.
Invoked RoslynAnalysisRunner static constructor.
RoslynAnalysisRunner will not be running.
RoslynAnalysisRunner has terminated.
Mono: successfully reloaded assembly
- Completed reload, in  1.446 seconds
Platform modules already initialized, skipping
Refreshing native plugins compatible for Editor in 0.51 ms, found 0 plugins.
Preloading 0 native plugins for Editor in 0.00 ms.
Unloading 1150 Unused Serialized files (Serialized files now loaded: 0)
System memory in use before: 59.3 MB.
System memory in use after: 59.4 MB.

Unloading 9 unused Assets to reduce memory usage. Loaded Objects now: 1611.
Total: 2.096200 ms (FindLiveObjects: 0.194800 ms CreateObjectMapping: 0.041200 ms MarkObjects: 1.838700 ms  DeleteObjects: 0.020000 ms)

========================================================================
Received Prepare
Registering precompiled user dll's ...
Registered in 0.008191 seconds.
Begin MonoManager ReloadAssembly
Native extension for Lumin target not found
Native extension for WindowsStandalone target not found
Native extension for OSXStandalone target not found
Native extension for WebGL target not found
Refreshing native plugins compatible for Editor in 0.56 ms, found 0 plugins.
Preloading 0 native plugins for Editor in 0.00 ms.
Invoked RoslynAnalysisRunner static constructor.
RoslynAnalysisRunner will not be running.
RoslynAnalysisRunner has terminated.
Mono: successfully reloaded assembly
- Completed reload, in  2.369 seconds
Platform modules already initialized, skipping
Refreshing native plugins compatible for Editor in 0.38 ms, found 0 plugins.
Preloading 0 native plugins for Editor in 0.00 ms.
Unloading 1150 Unused Serialized files (Serialized files now loaded: 0)
System memory in use before: 59.3 MB.
System memory in use after: 59.4 MB.

Unloading 9 unused Assets to reduce memory usage. Loaded Objects now: 1613.
Total: 3.118300 ms (FindLiveObjects: 0.437500 ms CreateObjectMapping: 0.168400 ms MarkObjects: 2.489300 ms  DeleteObjects: 0.020200 ms)

========================================================================
Received Import Request.
  Time since last request: 494.174044 seconds.
  path: Assets/LeaderboardManager/Scenes/ORD__terminal-3-interior.jpg
  artifactKey: Guid(af11d6629e5f5ef4796441d1b5ccb25a) Importer(815301076,1909f56bfc062723c751e8b465ee728b)
Start importing Assets/LeaderboardManager/Scenes/ORD__terminal-3-interior.jpg using Guid(af11d6629e5f5ef4796441d1b5ccb25a) Importer(815301076,1909f56bfc062723c751e8b465ee728b)  -> (artifact id: 'cd4b4284195bb41fb093be31277c316c') in 0.550209 seconds
  Import took 0.554686 seconds .

========================================================================
Received Import Request.
  Time since last request: 143.021879 seconds.
  path: Assets/Scenes/O Hare Says.unity
  artifactKey: Guid(9b7f2c2b429d80944a9f8964650a1546) Importer(815301076,1909f56bfc062723c751e8b465ee728b)
Start importing Assets/Scenes/O Hare Says.unity using Guid(9b7f2c2b429d80944a9f8964650a1546) Importer(815301076,1909f56bfc062723c751e8b465ee728b)  -> (artifact id: '84869146321ff67802d886709744af6e') in 0.008393 seconds
  Import took 0.012157 seconds .

========================================================================
Received Prepare
Registering precompiled user dll's ...
Registered in 0.007167 seconds.
Begin MonoManager ReloadAssembly
Native extension for Lumin target not found
Native extension for WindowsStandalone target not found
Native extension for OSXStandalone target not found
Native extension for WebGL target not found
Refreshing native plugins compatible for Editor in 0.30 ms, found 0 plugins.
Preloading 0 native plugins for Editor in 0.00 ms.
Invoked RoslynAnalysisRunner static constructor.
RoslynAnalysisRunner will not be running.
RoslynAnalysisRunner has terminated.
Mono: successfully reloaded assembly
- Completed reload, in  1.310 seconds
Platform modules already initialized, skipping
Refreshing native plugins compatible for Editor in 0.30 ms, found 0 plugins.
Preloading 0 native plugins for Editor in 0.00 ms.
Unloading 1150 Unused Serialized files (Serialized files now loaded: 0)
System memory in use before: 59.4 MB.
System memory in use after: 59.5 MB.

Unloading 9 unused Assets to reduce memory usage. Loaded Objects now: 1617.
Total: 1.946400 ms (FindLiveObjects: 0.216100 ms CreateObjectMapping: 0.067100 ms MarkObjects: 1.639700 ms  DeleteObjects: 0.022200 ms)

========================================================================
Received Prepare
Registering precompiled user dll's ...
Registered in 0.009171 seconds.
Begin MonoManager ReloadAssembly
Native extension for Lumin target not found
Native extension for WindowsStandalone target not found
Native extension for OSXStandalone target not found
Native extension for WebGL target not found
Refreshing native plugins compatible for Editor in 0.29 ms, found 0 plugins.
Preloading 0 native plugins for Editor in 0.00 ms.
Invoked RoslynAnalysisRunner static constructor.
RoslynAnalysisRunner will not be running.
RoslynAnalysisRunner has terminated.
Mono: successfully reloaded assembly
- Completed reload, in  1.402 seconds
Platform modules already initialized, skipping
Refreshing native plugins compatible for Editor in 0.28 ms, found 0 plugins.
Preloading 0 native plugins for Editor in 0.00 ms.
Unloading 1150 Unused Serialized files (Serialized files now loaded: 0)
System memory in use before: 59.4 MB.
System memory in use after: 59.5 MB.

Unloading 9 unused Assets to reduce memory usage. Loaded Objects now: 1619.
Total: 5.271900 ms (FindLiveObjects: 0.363700 ms CreateObjectMapping: 0.123300 ms MarkObjects: 4.733000 ms  DeleteObjects: 0.048600 ms)

========================================================================
Received Import Request.
  Time since last request: 141.097956 seconds.
  path: Assets/LeaderboardManager/Scripts/Leaderboard/oldLeaderboardManager.cs
  artifactKey: Guid(7d8bf17c74e183544ac7768b1c164d27) Importer(815301076,1909f56bfc062723c751e8b465ee728b)
Start importing Assets/LeaderboardManager/Scripts/Leaderboard/oldLeaderboardManager.cs using Guid(7d8bf17c74e183544ac7768b1c164d27) Importer(815301076,1909f56bfc062723c751e8b465ee728b)  -> (artifact id: 'b34a3ace92542ef6afa4756c9eca08ef') in 0.011139 seconds
  Import took 0.015254 seconds .

========================================================================
Received Import Request.
  Time since last request: 36.226690 seconds.
  path: Assets/LeaderboardManager/Scenes/SubmitScoreTest.unity
  artifactKey: Guid(aa1d579f703f8624fbef8acde2fca123) Importer(815301076,1909f56bfc062723c751e8b465ee728b)
Start importing Assets/LeaderboardManager/Scenes/SubmitScoreTest.unity using Guid(aa1d579f703f8624fbef8acde2fca123) Importer(815301076,1909f56bfc062723c751e8b465ee728b)  -> (artifact id: '21160934c0e32ce984d3d75f3ee2e2d1') in 0.017060 seconds
  Import took 0.019296 seconds .

========================================================================
Received Import Request.
  Time since last request: 4.098785 seconds.
  path: Assets/LeaderboardManager/Scenes/DisplayScoreTest.unity
  artifactKey: Guid(03a12e71cbba03644a8eb38ed6a74d9c) Importer(815301076,1909f56bfc062723c751e8b465ee728b)
Start importing Assets/LeaderboardManager/Scenes/DisplayScoreTest.unity using Guid(03a12e71cbba03644a8eb38ed6a74d9c) Importer(815301076,1909f56bfc062723c751e8b465ee728b)  -> (artifact id: 'ef8400c5ece1223676f43c92ff25e243') in 0.008803 seconds
  Import took 0.011862 seconds .

========================================================================
Received Prepare
Registering precompiled user dll's ...
Registered in 0.009684 seconds.
Begin MonoManager ReloadAssembly
Native extension for Lumin target not found
Native extension for WindowsStandalone target not found
Native extension for OSXStandalone target not found
Native extension for WebGL target not found
Refreshing native plugins compatible for Editor in 0.38 ms, found 0 plugins.
Preloading 0 native plugins for Editor in 0.00 ms.
Invoked RoslynAnalysisRunner static constructor.
RoslynAnalysisRunner will not be running.
RoslynAnalysisRunner has terminated.
Mono: successfully reloaded assembly
- Completed reload, in  1.311 seconds
Platform modules already initialized, skipping
Refreshing native plugins compatible for Editor in 0.48 ms, found 0 plugins.
Preloading 0 native plugins for Editor in 0.00 ms.
Unloading 1150 Unused Serialized files (Serialized files now loaded: 0)
System memory in use before: 59.4 MB.
System memory in use after: 59.5 MB.

Unloading 9 unused Assets to reduce memory usage. Loaded Objects now: 1621.
Total: 1.923000 ms (FindLiveObjects: 0.149700 ms CreateObjectMapping: 0.041300 ms MarkObjects: 1.710600 ms  DeleteObjects: 0.019700 ms)

========================================================================
Received Import Request.
  Time since last request: 221.716641 seconds.
  path: Assets/LeaderboardManager/Scenes/DisplayScoreTest.unity
  artifactKey: Guid(03a12e71cbba03644a8eb38ed6a74d9c) Importer(815301076,1909f56bfc062723c751e8b465ee728b)
Start importing Assets/LeaderboardManager/Scenes/DisplayScoreTest.unity using Guid(03a12e71cbba03644a8eb38ed6a74d9c) Importer(815301076,1909f56bfc062723c751e8b465ee728b)  -> (artifact id: 'c7aabd1abfea3c9eded2feda3541ef15') in 0.021558 seconds
  Import took 0.025588 seconds .

========================================================================
Received Prepare
Registering precompiled user dll's ...
Registered in 0.007338 seconds.
Begin MonoManager ReloadAssembly
Native extension for Lumin target not found
Native extension for WindowsStandalone target not found
Native extension for OSXStandalone target not found
Native extension for WebGL target not found
Refreshing native plugins compatible for Editor in 0.47 ms, found 0 plugins.
Preloading 0 native plugins for Editor in 0.00 ms.
Invoked RoslynAnalysisRunner static constructor.
RoslynAnalysisRunner will not be running.
RoslynAnalysisRunner has terminated.
Mono: successfully reloaded assembly
- Completed reload, in  1.327 seconds
Platform modules already initialized, skipping
Refreshing native plugins compatible for Editor in 0.28 ms, found 0 plugins.
Preloading 0 native plugins for Editor in 0.00 ms.
Unloading 1150 Unused Serialized files (Serialized files now loaded: 0)
System memory in use before: 59.4 MB.
System memory in use after: 59.5 MB.

Unloading 9 unused Assets to reduce memory usage. Loaded Objects now: 1623.
Total: 5.825400 ms (FindLiveObjects: 0.360800 ms CreateObjectMapping: 0.121000 ms MarkObjects: 5.269600 ms  DeleteObjects: 0.069300 ms)

========================================================================
Received Prepare
Registering precompiled user dll's ...
Registered in 0.010480 seconds.
Begin MonoManager ReloadAssembly
Native extension for Lumin target not found
Native extension for WindowsStandalone target not found
Native extension for OSXStandalone target not found
Native extension for WebGL target not found
Refreshing native plugins compatible for Editor in 0.27 ms, found 0 plugins.
Preloading 0 native plugins for Editor in 0.00 ms.
Invoked RoslynAnalysisRunner static constructor.
RoslynAnalysisRunner will not be running.
RoslynAnalysisRunner has terminated.
Mono: successfully reloaded assembly
- Completed reload, in  1.286 seconds
Platform modules already initialized, skipping
Refreshing native plugins compatible for Editor in 0.36 ms, found 0 plugins.
Preloading 0 native plugins for Editor in 0.00 ms.
Unloading 1150 Unused Serialized files (Serialized files now loaded: 0)
System memory in use before: 59.4 MB.
System memory in use after: 59.5 MB.

Unloading 9 unused Assets to reduce memory usage. Loaded Objects now: 1625.
Total: 2.968500 ms (FindLiveObjects: 0.248200 ms CreateObjectMapping: 0.073300 ms MarkObjects: 2.595500 ms  DeleteObjects: 0.049500 ms)

========================================================================
Received Import Request.
  Time since last request: 514.875050 seconds.
  path: Assets/LeaderboardManager/Scenes/DisplayScoreTest.unity
  artifactKey: Guid(03a12e71cbba03644a8eb38ed6a74d9c) Importer(815301076,1909f56bfc062723c751e8b465ee728b)
Start importing Assets/LeaderboardManager/Scenes/DisplayScoreTest.unity using Guid(03a12e71cbba03644a8eb38ed6a74d9c) Importer(815301076,1909f56bfc062723c751e8b465ee728b)  -> (artifact id: '7f4f3a3aa0cc95cf56963dba933bbe6c') in 0.019572 seconds
  Import took 0.022876 seconds .

========================================================================
Received Import Request.
  Time since last request: 210.824150 seconds.
  path: Assets/LeaderboardManager/Scenes/title.unity
  artifactKey: Guid(1e5934a99d2d50943835e5c6006507c1) Importer(815301076,1909f56bfc062723c751e8b465ee728b)
Start importing Assets/LeaderboardManager/Scenes/title.unity using Guid(1e5934a99d2d50943835e5c6006507c1) Importer(815301076,1909f56bfc062723c751e8b465ee728b)  -> (artifact id: '763962aa214e4c5970a4a9ae63f04019') in 0.008460 seconds
  Import took 0.011649 seconds .

========================================================================
Received Prepare
Registering precompiled user dll's ...
Registered in 0.008863 seconds.
Begin MonoManager ReloadAssembly
Native extension for Lumin target not found
Native extension for WindowsStandalone target not found
Native extension for OSXStandalone target not found
Native extension for WebGL target not found
Refreshing native plugins compatible for Editor in 0.43 ms, found 0 plugins.
Preloading 0 native plugins for Editor in 0.00 ms.
Invoked RoslynAnalysisRunner static constructor.
RoslynAnalysisRunner will not be running.
RoslynAnalysisRunner has terminated.
Mono: successfully reloaded assembly
- Completed reload, in  1.382 seconds
Platform modules already initialized, skipping
Refreshing native plugins compatible for Editor in 0.27 ms, found 0 plugins.
Preloading 0 native plugins for Editor in 0.00 ms.
Unloading 1150 Unused Serialized files (Serialized files now loaded: 0)
System memory in use before: 59.4 MB.
System memory in use after: 59.5 MB.

Unloading 9 unused Assets to reduce memory usage. Loaded Objects now: 1627.
Total: 4.749500 ms (FindLiveObjects: 0.362900 ms CreateObjectMapping: 0.124700 ms MarkObjects: 4.173900 ms  DeleteObjects: 0.082500 ms)

========================================================================
Received Import Request.
  Time since last request: 589.752503 seconds.
  path: Assets/LeaderboardManager/Prefabs/LeaderboardManager.prefab
  artifactKey: Guid(e5a9faa7d0cb8794e9f6c2580153c9f4) Importer(815301076,1909f56bfc062723c751e8b465ee728b)
Start importing Assets/LeaderboardManager/Prefabs/LeaderboardManager.prefab using Guid(e5a9faa7d0cb8794e9f6c2580153c9f4) Importer(815301076,1909f56bfc062723c751e8b465ee728b)  -> (artifact id: 'd617fc8829fd9d941e2e204504c44f10') in 0.045485 seconds
  Import took 0.050264 seconds .

========================================================================
Received Import Request.
  Time since last request: 0.007001 seconds.
  path: Assets/LeaderboardManager/Prefabs/LeaderboardManager.prefab
  artifactKey: Guid(e5a9faa7d0cb8794e9f6c2580153c9f4) Importer(815301076,1909f56bfc062723c751e8b465ee728b)
Start importing Assets/LeaderboardManager/Prefabs/LeaderboardManager.prefab using Guid(e5a9faa7d0cb8794e9f6c2580153c9f4) Importer(815301076,1909f56bfc062723c751e8b465ee728b)  -> (artifact id: 'd617fc8829fd9d941e2e204504c44f10') in 0.009878 seconds
  Import took 0.013032 seconds .

========================================================================
Received Prepare
Registering precompiled user dll's ...
Registered in 0.009592 seconds.
Begin MonoManager ReloadAssembly
Native extension for Lumin target not found
Native extension for WindowsStandalone target not found
Native extension for OSXStandalone target not found
Native extension for WebGL target not found
Refreshing native plugins compatible for Editor in 0.31 ms, found 0 plugins.
Preloading 0 native plugins for Editor in 0.00 ms.
Invoked RoslynAnalysisRunner static constructor.
RoslynAnalysisRunner will not be running.
RoslynAnalysisRunner has terminated.
Mono: successfully reloaded assembly
- Completed reload, in  1.341 seconds
Platform modules already initialized, skipping
Refreshing native plugins compatible for Editor in 0.50 ms, found 0 plugins.
Preloading 0 native plugins for Editor in 0.00 ms.
Unloading 1150 Unused Serialized files (Serialized files now loaded: 0)
System memory in use before: 59.5 MB.
System memory in use after: 59.6 MB.

Unloading 9 unused Assets to reduce memory usage. Loaded Objects now: 1629.
Total: 1.764900 ms (FindLiveObjects: 0.149600 ms CreateObjectMapping: 0.041400 ms MarkObjects: 1.548900 ms  DeleteObjects: 0.024100 ms)

========================================================================
Received Import Request.
  Time since last request: 29.034059 seconds.
  path: Assets/LeaderboardManager/Prefabs/LeaderboardManager.prefab
  artifactKey: Guid(e5a9faa7d0cb8794e9f6c2580153c9f4) Importer(815301076,1909f56bfc062723c751e8b465ee728b)
Start importing Assets/LeaderboardManager/Prefabs/LeaderboardManager.prefab using Guid(e5a9faa7d0cb8794e9f6c2580153c9f4) Importer(815301076,1909f56bfc062723c751e8b465ee728b)  -> (artifact id: 'fcb6605fcd790e8035b2064a0ad55717') in 0.031222 seconds
  Import took 0.033802 seconds .

========================================================================
Received Prepare
Registering precompiled user dll's ...
Registered in 0.009051 seconds.
Begin MonoManager ReloadAssembly
Native extension for Lumin target not found
Native extension for WindowsStandalone target not found
Native extension for OSXStandalone target not found
Native extension for WebGL target not found
Refreshing native plugins compatible for Editor in 0.28 ms, found 0 plugins.
Preloading 0 native plugins for Editor in 0.00 ms.
Invoked RoslynAnalysisRunner static constructor.
RoslynAnalysisRunner will not be running.
RoslynAnalysisRunner has terminated.
Mono: successfully reloaded assembly
- Completed reload, in  1.370 seconds
Platform modules already initialized, skipping
Refreshing native plugins compatible for Editor in 0.36 ms, found 0 plugins.
Preloading 0 native plugins for Editor in 0.00 ms.
Unloading 1150 Unused Serialized files (Serialized files now loaded: 0)
System memory in use before: 59.5 MB.
System memory in use after: 59.6 MB.

Unloading 9 unused Assets to reduce memory usage. Loaded Objects now: 1631.
Total: 2.687200 ms (FindLiveObjects: 0.213200 ms CreateObjectMapping: 0.045600 ms MarkObjects: 2.386100 ms  DeleteObjects: 0.039300 ms)

========================================================================
Received Prepare
Registering precompiled user dll's ...
Registered in 0.009561 seconds.
Begin MonoManager ReloadAssembly
Native extension for Lumin target not found
Native extension for WindowsStandalone target not found
Native extension for OSXStandalone target not found
Native extension for WebGL target not found
Refreshing native plugins compatible for Editor in 0.28 ms, found 0 plugins.
Preloading 0 native plugins for Editor in 0.00 ms.
Invoked RoslynAnalysisRunner static constructor.
RoslynAnalysisRunner will not be running.
RoslynAnalysisRunner has terminated.
Mono: successfully reloaded assembly
- Completed reload, in  1.314 seconds
Platform modules already initialized, skipping
Refreshing native plugins compatible for Editor in 0.27 ms, found 0 plugins.
Preloading 0 native plugins for Editor in 0.00 ms.
Unloading 1150 Unused Serialized files (Serialized files now loaded: 0)
System memory in use before: 59.5 MB.
System memory in use after: 59.6 MB.

Unloading 9 unused Assets to reduce memory usage. Loaded Objects now: 1633.
Total: 2.110600 ms (FindLiveObjects: 0.147200 ms CreateObjectMapping: 0.041800 ms MarkObjects: 1.829200 ms  DeleteObjects: 0.091000 ms)

========================================================================
Received Import Request.
  Time since last request: 360.435284 seconds.
  path: Assets/LeaderboardManager/Scripts/Leaderboard/oldLeaderboardManager.cs
  artifactKey: Guid(7d8bf17c74e183544ac7768b1c164d27) Importer(815301076,1909f56bfc062723c751e8b465ee728b)
Start importing Assets/LeaderboardManager/Scripts/Leaderboard/oldLeaderboardManager.cs using Guid(7d8bf17c74e183544ac7768b1c164d27) Importer(815301076,1909f56bfc062723c751e8b465ee728b)  -> (artifact id: '0b19ada13c78f10a3e50f61921599669') in 0.006934 seconds
  Import took 0.010034 seconds .

========================================================================
Received Prepare
Registering precompiled user dll's ...
Registered in 0.007024 seconds.
Begin MonoManager ReloadAssembly
Native extension for Lumin target not found
Native extension for WindowsStandalone target not found
Native extension for OSXStandalone target not found
Native extension for WebGL target not found
Refreshing native plugins compatible for Editor in 0.48 ms, found 0 plugins.
Preloading 0 native plugins for Editor in 0.00 ms.
Invoked RoslynAnalysisRunner static constructor.
RoslynAnalysisRunner will not be running.
RoslynAnalysisRunner has terminated.
Mono: successfully reloaded assembly
- Completed reload, in  2.470 seconds
Platform modules already initialized, skipping
Refreshing native plugins compatible for Editor in 0.52 ms, found 0 plugins.
Preloading 0 native plugins for Editor in 0.00 ms.
Unloading 1149 Unused Serialized files (Serialized files now loaded: 0)
System memory in use before: 59.5 MB.
System memory in use after: 59.6 MB.

Unloading 10 unused Assets to reduce memory usage. Loaded Objects now: 1634.
Total: 4.168200 ms (FindLiveObjects: 0.315800 ms CreateObjectMapping: 0.155800 ms MarkObjects: 3.651200 ms  DeleteObjects: 0.042800 ms)

========================================================================
Received Prepare
Registering precompiled user dll's ...
Registered in 0.007104 seconds.
Begin MonoManager ReloadAssembly
Native extension for Lumin target not found
Native extension for WindowsStandalone target not found
Native extension for OSXStandalone target not found
Native extension for WebGL target not found
Refreshing native plugins compatible for Editor in 0.50 ms, found 0 plugins.
Preloading 0 native plugins for Editor in 0.00 ms.
Invoked RoslynAnalysisRunner static constructor.
RoslynAnalysisRunner will not be running.
RoslynAnalysisRunner has terminated.
Mono: successfully reloaded assembly
- Completed reload, in  1.305 seconds
Platform modules already initialized, skipping
Refreshing native plugins compatible for Editor in 0.28 ms, found 0 plugins.
Preloading 0 native plugins for Editor in 0.00 ms.
Unloading 1149 Unused Serialized files (Serialized files now loaded: 0)
System memory in use before: 59.5 MB.
System memory in use after: 59.6 MB.

Unloading 9 unused Assets to reduce memory usage. Loaded Objects now: 1636.
Total: 2.105800 ms (FindLiveObjects: 0.201500 ms CreateObjectMapping: 0.040600 ms MarkObjects: 1.839800 ms  DeleteObjects: 0.019100 ms)

========================================================================
Received Prepare
Registering precompiled user dll's ...
Registered in 0.006147 seconds.
Begin MonoManager ReloadAssembly
Native extension for Lumin target not found
Native extension for WindowsStandalone target not found
Native extension for OSXStandalone target not found
Native extension for WebGL target not found
Refreshing native plugins compatible for Editor in 0.29 ms, found 0 plugins.
Preloading 0 native plugins for Editor in 0.00 ms.
Invoked RoslynAnalysisRunner static constructor.
RoslynAnalysisRunner will not be running.
RoslynAnalysisRunner has terminated.
Mono: successfully reloaded assembly
- Completed reload, in  1.404 seconds
Platform modules already initialized, skipping
Refreshing native plugins compatible for Editor in 0.30 ms, found 0 plugins.
Preloading 0 native plugins for Editor in 0.00 ms.
Unloading 1149 Unused Serialized files (Serialized files now loaded: 0)
System memory in use before: 59.5 MB.
System memory in use after: 59.6 MB.

Unloading 9 unused Assets to reduce memory usage. Loaded Objects now: 1638.
Total: 2.781100 ms (FindLiveObjects: 0.146200 ms CreateObjectMapping: 0.039800 ms MarkObjects: 2.567000 ms  DeleteObjects: 0.026200 ms)

========================================================================
Received Prepare
Registering precompiled user dll's ...
Registered in 0.007461 seconds.
Begin MonoManager ReloadAssembly
Native extension for Lumin target not found
Native extension for WindowsStandalone target not found
Native extension for OSXStandalone target not found
Native extension for WebGL target not found
Refreshing native plugins compatible for Editor in 0.62 ms, found 0 plugins.
Preloading 0 native plugins for Editor in 0.00 ms.
Invoked RoslynAnalysisRunner static constructor.
RoslynAnalysisRunner will not be running.
RoslynAnalysisRunner has terminated.
Mono: successfully reloaded assembly
- Completed reload, in  1.395 seconds
Platform modules already initialized, skipping
Refreshing native plugins compatible for Editor in 0.31 ms, found 0 plugins.
Preloading 0 native plugins for Editor in 0.00 ms.
Unloading 1149 Unused Serialized files (Serialized files now loaded: 0)
System memory in use before: 59.5 MB.
System memory in use after: 59.6 MB.

Unloading 9 unused Assets to reduce memory usage. Loaded Objects now: 1640.
Total: 2.117100 ms (FindLiveObjects: 0.158300 ms CreateObjectMapping: 0.045100 ms MarkObjects: 1.874800 ms  DeleteObjects: 0.037300 ms)

========================================================================
Received Prepare
Registering precompiled user dll's ...
Registered in 0.007153 seconds.
Begin MonoManager ReloadAssembly
Native extension for Lumin target not found
Native extension for WindowsStandalone target not found
Native extension for OSXStandalone target not found
Native extension for WebGL target not found
Refreshing native plugins compatible for Editor in 0.38 ms, found 0 plugins.
Preloading 0 native plugins for Editor in 0.00 ms.
Invoked RoslynAnalysisRunner static constructor.
RoslynAnalysisRunner will not be running.
RoslynAnalysisRunner has terminated.
Mono: successfully reloaded assembly
- Completed reload, in  1.086 seconds
Platform modules already initialized, skipping
Refreshing native plugins compatible for Editor in 0.29 ms, found 0 plugins.
Preloading 0 native plugins for Editor in 0.00 ms.
Unloading 1149 Unused Serialized files (Serialized files now loaded: 0)
System memory in use before: 59.5 MB.
System memory in use after: 59.6 MB.

Unloading 9 unused Assets to reduce memory usage. Loaded Objects now: 1642.
Total: 2.102900 ms (FindLiveObjects: 0.158400 ms CreateObjectMapping: 0.034900 ms MarkObjects: 1.855300 ms  DeleteObjects: 0.052500 ms)

AssetImportWorkerClient::OnTransportError - code=2 error=End of file
